mode: atomic
github.com/OPGLOL/opgl-gateway/main.go:16.13,30.16 5 0
github.com/OPGLOL/opgl-gateway/main.go:30.16,32.3 1 0
github.com/OPGLOL/opgl-gateway/main.go:34.2,35.26 2 0
github.com/OPGLOL/opgl-gateway/main.go:35.26,37.3 1 0
github.com/OPGLOL/opgl-gateway/main.go:39.2,40.28 2 0
github.com/OPGLOL/opgl-gateway/main.go:40.28,42.3 1 0
github.com/OPGLOL/opgl-gateway/main.go:44.2,69.73 8 0
github.com/OPGLOL/opgl-gateway/main.go:69.73,71.3 1 0
github.com/OPGLOL/opgl-gateway/internal/api/handlers.go:16.68,20.2 1 24
github.com/OPGLOL/opgl-gateway/internal/api/handlers.go:23.88,30.2 3 3
github.com/OPGLOL/opgl-gateway/internal/api/handlers.go:33.88,40.79 2 10
github.com/OPGLOL/opgl-gateway/internal/api/handlers.go:40.79,43.3 2 2
github.com/OPGLOL/opgl-gateway/internal/api/handlers.go:45.2,45.101 1 8
github.com/OPGLOL/opgl-gateway/internal/api/handlers.go:45.101,48.3 2 6
github.com/OPGLOL/opgl-gateway/internal/api/handlers.go:50.2,51.16 2 2
github.com/OPGLOL/opgl-gateway/internal/api/handlers.go:51.16,54.3 2 1
github.com/OPGLOL/opgl-gateway/internal/api/handlers.go:56.2,57.42 2 1
github.com/OPGLOL/opgl-gateway/internal/api/handlers.go:61.87,69.76 2 8
github.com/OPGLOL/opgl-gateway/internal/api/handlers.go:69.76,72.3 2 2
github.com/OPGLOL/opgl-gateway/internal/api/handlers.go:74.2,74.92 1 6
github.com/OPGLOL/opgl-gateway/internal/api/handlers.go:74.92,77.3 2 3
github.com/OPGLOL/opgl-gateway/internal/api/handlers.go:79.2,80.16 2 3
github.com/OPGLOL/opgl-gateway/internal/api/handlers.go:80.16,82.3 1 2
github.com/OPGLOL/opgl-gateway/internal/api/handlers.go:84.2,85.16 2 3
github.com/OPGLOL/opgl-gateway/internal/api/handlers.go:85.16,88.3 2 1
github.com/OPGLOL/opgl-gateway/internal/api/handlers.go:90.2,91.41 2 2
github.com/OPGLOL/opgl-gateway/internal/api/handlers.go:95.90,102.78 2 9
github.com/OPGLOL/opgl-gateway/internal/api/handlers.go:102.78,105.3 2 2
github.com/OPGLOL/opgl-gateway/internal/api/handlers.go:107.2,107.98 1 7
github.com/OPGLOL/opgl-gateway/internal/api/handlers.go:107.98,110.3 2 3
github.com/OPGLOL/opgl-gateway/internal/api/handlers.go:113.2,114.16 2 4
github.com/OPGLOL/opgl-gateway/internal/api/handlers.go:114.16,117.3 2 1
github.com/OPGLOL/opgl-gateway/internal/api/handlers.go:120.2,121.16 2 3
github.com/OPGLOL/opgl-gateway/internal/api/handlers.go:121.16,124.3 2 1
github.com/OPGLOL/opgl-gateway/internal/api/handlers.go:127.2,128.16 2 2
github.com/OPGLOL/opgl-gateway/internal/api/handlers.go:128.16,131.3 2 1
github.com/OPGLOL/opgl-gateway/internal/api/handlers.go:133.2,134.48 2 1
github.com/OPGLOL/opgl-gateway/internal/api/router.go:8.48,22.2 6 8
github.com/OPGLOL/opgl-gateway/internal/proxy/proxy.go:21.84,27.2 1 13
github.com/OPGLOL/opgl-gateway/internal/proxy/proxy.go:30.122,40.16 4 4
github.com/OPGLOL/opgl-gateway/internal/proxy/proxy.go:40.16,42.3 1 0
github.com/OPGLOL/opgl-gateway/internal/proxy/proxy.go:44.2,45.16 2 4
github.com/OPGLOL/opgl-gateway/internal/proxy/proxy.go:45.16,47.3 1 1
github.com/OPGLOL/opgl-gateway/internal/proxy/proxy.go:48.2,50.42 2 3
github.com/OPGLOL/opgl-gateway/internal/proxy/proxy.go:50.42,53.3 2 1
github.com/OPGLOL/opgl-gateway/internal/proxy/proxy.go:55.2,56.73 2 2
github.com/OPGLOL/opgl-gateway/internal/proxy/proxy.go:56.73,58.3 1 1
github.com/OPGLOL/opgl-gateway/internal/proxy/proxy.go:60.2,60.23 1 1
github.com/OPGLOL/opgl-gateway/internal/proxy/proxy.go:64.130,75.16 4 2
github.com/OPGLOL/opgl-gateway/internal/proxy/proxy.go:75.16,77.3 1 0
github.com/OPGLOL/opgl-gateway/internal/proxy/proxy.go:79.2,80.16 2 2
github.com/OPGLOL/opgl-gateway/internal/proxy/proxy.go:80.16,82.3 1 0
github.com/OPGLOL/opgl-gateway/internal/proxy/proxy.go:83.2,85.42 2 2
github.com/OPGLOL/opgl-gateway/internal/proxy/proxy.go:85.42,88.3 2 1
github.com/OPGLOL/opgl-gateway/internal/proxy/proxy.go:90.2,91.72 2 1
github.com/OPGLOL/opgl-gateway/internal/proxy/proxy.go:91.72,93.3 1 0
github.com/OPGLOL/opgl-gateway/internal/proxy/proxy.go:95.2,95.21 1 1
github.com/OPGLOL/opgl-gateway/internal/proxy/proxy.go:99.110,109.16 4 2
github.com/OPGLOL/opgl-gateway/internal/proxy/proxy.go:109.16,111.3 1 0
github.com/OPGLOL/opgl-gateway/internal/proxy/proxy.go:113.2,114.16 2 2
github.com/OPGLOL/opgl-gateway/internal/proxy/proxy.go:114.16,116.3 1 0
github.com/OPGLOL/opgl-gateway/internal/proxy/proxy.go:117.2,119.42 2 2
github.com/OPGLOL/opgl-gateway/internal/proxy/proxy.go:119.42,122.3 2 1
github.com/OPGLOL/opgl-gateway/internal/proxy/proxy.go:124.2,125.72 2 1
github.com/OPGLOL/opgl-gateway/internal/proxy/proxy.go:125.72,127.3 1 0
github.com/OPGLOL/opgl-gateway/internal/proxy/proxy.go:129.2,129.21 1 1
github.com/OPGLOL/opgl-gateway/internal/proxy/proxy.go:133.125,140.16 3 3
github.com/OPGLOL/opgl-gateway/internal/proxy/proxy.go:140.16,142.3 1 0
github.com/OPGLOL/opgl-gateway/internal/proxy/proxy.go:144.2,146.16 3 3
github.com/OPGLOL/opgl-gateway/internal/proxy/proxy.go:146.16,148.3 1 1
github.com/OPGLOL/opgl-gateway/internal/proxy/proxy.go:149.2,151.42 2 2
github.com/OPGLOL/opgl-gateway/internal/proxy/proxy.go:151.42,154.3 2 1
github.com/OPGLOL/opgl-gateway/internal/proxy/proxy.go:156.2,157.79 2 1
github.com/OPGLOL/opgl-gateway/internal/proxy/proxy.go:157.79,159.3 1 0
github.com/OPGLOL/opgl-gateway/internal/proxy/proxy.go:161.2,161.29 1 1
github.com/OPGLOL/opgl-gateway/internal/middleware/logging.go:18.68,23.2 1 12
github.com/OPGLOL/opgl-gateway/internal/middleware/logging.go:26.55,29.2 2 10
github.com/OPGLOL/opgl-gateway/internal/middleware/logging.go:32.56,33.82 1 6
github.com/OPGLOL/opgl-gateway/internal/middleware/logging.go:33.82,57.10 8 10
github.com/OPGLOL/opgl-gateway/internal/middleware/logging.go:58.26,59.26 1 1
github.com/OPGLOL/opgl-gateway/internal/middleware/logging.go:60.26,61.25 1 1
github.com/OPGLOL/opgl-gateway/internal/middleware/logging.go:62.11,63.25 1 8
github.com/OPGLOL/opgl-gateway/internal/middleware/logging.go:67.3,73.28 1 10
